\BOOKMARK [0][-]{chapter.1}{\376\377\0001\000\040\000C\000l\000a\000s\000s\000\040\000I\000n\000d\000e\000x}{}% 1
\BOOKMARK [1][-]{section.1.1}{\376\377\0001\000.\0001\000\040\000C\000l\000a\000s\000s\000\040\000L\000i\000s\000t}{chapter.1}% 2
\BOOKMARK [0][-]{chapter.2}{\376\377\0002\000\040\000F\000i\000l\000e\000\040\000I\000n\000d\000e\000x}{}% 3
\BOOKMARK [1][-]{section.2.1}{\376\377\0002\000.\0001\000\040\000F\000i\000l\000e\000\040\000L\000i\000s\000t}{chapter.2}% 4
\BOOKMARK [0][-]{chapter.3}{\376\377\0003\000\040\000C\000l\000a\000s\000s\000\040\000D\000o\000c\000u\000m\000e\000n\000t\000a\000t\000i\000o\000n}{}% 5
\BOOKMARK [1][-]{section.3.1}{\376\377\0003\000.\0001\000\040\000d\000e\000c\000y\000z\000j\000a\000\040\000S\000t\000r\000u\000c\000t\000\040\000R\000e\000f\000e\000r\000e\000n\000c\000e}{chapter.3}% 6
\BOOKMARK [2][-]{subsection.3.1.1}{\376\377\0003\000.\0001\000.\0001\000\040\000D\000e\000t\000a\000i\000l\000e\000d\000\040\000D\000e\000s\000c\000r\000i\000p\000t\000i\000o\000n}{section.3.1}% 7
\BOOKMARK [2][-]{subsection.3.1.2}{\376\377\0003\000.\0001\000.\0002\000\040\000M\000e\000m\000b\000e\000r\000\040\000D\000a\000t\000a\000\040\000D\000o\000c\000u\000m\000e\000n\000t\000a\000t\000i\000o\000n}{section.3.1}% 8
\BOOKMARK [3][-]{subsubsection.3.1.2.1}{\376\377\0003\000.\0001\000.\0002\000.\0001\000\040\000d\000\137\000a\000t\000r\000y\000b\000u\000t}{subsection.3.1.2}% 9
\BOOKMARK [3][-]{subsubsection.3.1.2.2}{\376\377\0003\000.\0001\000.\0002\000.\0002\000\040\000d\000\137\000i\000d}{subsection.3.1.2}% 10
\BOOKMARK [3][-]{subsubsection.3.1.2.3}{\376\377\0003\000.\0001\000.\0002\000.\0003\000\040\000d\000\137\000n\000i\000e}{subsection.3.1.2}% 11
\BOOKMARK [3][-]{subsubsection.3.1.2.4}{\376\377\0003\000.\0001\000.\0002\000.\0004\000\040\000d\000\137\000t\000a\000k}{subsection.3.1.2}% 12
\BOOKMARK [3][-]{subsubsection.3.1.2.5}{\376\377\0003\000.\0001\000.\0002\000.\0005\000\040\000d\000\137\000w\000a\000r\000t\000o\000s\000c}{subsection.3.1.2}% 13
\BOOKMARK [3][-]{subsubsection.3.1.2.6}{\376\377\0003\000.\0001\000.\0002\000.\0006\000\040\000d\000\137\000z\000n\000a\000k}{subsection.3.1.2}% 14
\BOOKMARK [0][-]{chapter.4}{\376\377\0004\000\040\000F\000i\000l\000e\000\040\000D\000o\000c\000u\000m\000e\000n\000t\000a\000t\000i\000o\000n}{}% 15
\BOOKMARK [1][-]{section.4.1}{\376\377\0004\000.\0001\000\040\000m\000a\000i\000n\000.\000c\000p\000p\000\040\000F\000i\000l\000e\000\040\000R\000e\000f\000e\000r\000e\000n\000c\000e}{chapter.4}% 16
\BOOKMARK [1][-]{section.4.2}{\376\377\0004\000.\0002\000\040\000m\000o\000d\000e\000l\000.\000c\000p\000p\000\040\000F\000i\000l\000e\000\040\000R\000e\000f\000e\000r\000e\000n\000c\000e}{chapter.4}% 17
\BOOKMARK [2][-]{subsection.4.2.1}{\376\377\0004\000.\0002\000.\0001\000\040\000F\000u\000n\000c\000t\000i\000o\000n\000\040\000D\000o\000c\000u\000m\000e\000n\000t\000a\000t\000i\000o\000n}{section.4.2}% 18
\BOOKMARK [3][-]{subsubsection.4.2.1.1}{\376\377\0004\000.\0002\000.\0001\000.\0001\000\040\000c\000z\000y\000\137\000l\000i\000c\000z\000b\000a\000\050\000\051}{subsection.4.2.1}% 19
\BOOKMARK [3][-]{subsubsection.4.2.1.2}{\376\377\0004\000.\0002\000.\0001\000.\0002\000\040\000c\000z\000y\000\137\000l\000i\000c\000z\000b\000a\000\137\000n\000a\000t\000u\000r\000a\000l\000n\000a\000\050\000\051}{subsection.4.2.1}% 20
\BOOKMARK [3][-]{subsubsection.4.2.1.3}{\376\377\0004\000.\0002\000.\0001\000.\0003\000\040\000d\000o\000d\000a\000w\000a\000n\000i\000e\000\137\000d\000o\000\137\000m\000a\000p\000y\000\050\000\051}{subsection.4.2.1}% 21
\BOOKMARK [3][-]{subsubsection.4.2.1.4}{\376\377\0004\000.\0002\000.\0001\000.\0004\000\040\000d\000z\000i\000e\000l\000e\000n\000i\000e\000\137\000w\000a\000r\000u\000n\000k\000u\000\050\000\051}{subsection.4.2.1}% 22
\BOOKMARK [3][-]{subsubsection.4.2.1.5}{\376\377\0004\000.\0002\000.\0001\000.\0005\000\040\000g\000e\000n\000e\000r\000o\000w\000a\000n\000i\000e\000\137\000p\000l\000i\000k\000u\000\137\000w\000y\000j\000s\000c\000i\000a\000\050\000\051}{subsection.4.2.1}% 23
\BOOKMARK [3][-]{subsubsection.4.2.1.6}{\376\377\0004\000.\0002\000.\0001\000.\0006\000\040\000p\000o\000s\000t\000e\000p\000o\000w\000a\000n\000i\000e\000\137\000d\000r\000z\000e\000w\000a\000\050\000\051}{subsection.4.2.1}% 24
\BOOKMARK [3][-]{subsubsection.4.2.1.7}{\376\377\0004\000.\0002\000.\0001\000.\0007\000\040\000p\000r\000z\000y\000p\000i\000s\000y\000w\000a\000n\000i\000e\000\137\000d\000o\000\137\000d\000r\000z\000e\000w\000a\000\050\000\051}{subsection.4.2.1}% 25
\BOOKMARK [3][-]{subsubsection.4.2.1.8}{\376\377\0004\000.\0002\000.\0001\000.\0008\000\040\000p\000r\000z\000y\000p\000i\000s\000y\000w\000a\000n\000i\000e\000\137\000d\000o\000\137\000w\000a\000r\000u\000n\000k\000u\000\050\000\051}{subsection.4.2.1}% 26
\BOOKMARK [3][-]{subsubsection.4.2.1.9}{\376\377\0004\000.\0002\000.\0001\000.\0009\000\040\000w\000a\000r\000u\000n\000e\000k\000\137\000g\000a\000l\000e\000z\000i\000\050\000\051}{subsection.4.2.1}% 27
\BOOKMARK [1][-]{section.4.3}{\376\377\0004\000.\0003\000\040\000m\000o\000d\000e\000l\000.\000h\000\040\000F\000i\000l\000e\000\040\000R\000e\000f\000e\000r\000e\000n\000c\000e}{chapter.4}% 28
\BOOKMARK [2][-]{subsection.4.3.1}{\376\377\0004\000.\0003\000.\0001\000\040\000F\000u\000n\000c\000t\000i\000o\000n\000\040\000D\000o\000c\000u\000m\000e\000n\000t\000a\000t\000i\000o\000n}{section.4.3}% 29
\BOOKMARK [3][-]{subsubsection.4.3.1.1}{\376\377\0004\000.\0003\000.\0001\000.\0001\000\040\000c\000z\000y\000\137\000l\000i\000c\000z\000b\000a\000\050\000\051}{subsection.4.3.1}% 30
\BOOKMARK [3][-]{subsubsection.4.3.1.2}{\376\377\0004\000.\0003\000.\0001\000.\0002\000\040\000c\000z\000y\000\137\000l\000i\000c\000z\000b\000a\000\137\000n\000a\000t\000u\000r\000a\000l\000n\000a\000\050\000\051}{subsection.4.3.1}% 31
\BOOKMARK [3][-]{subsubsection.4.3.1.3}{\376\377\0004\000.\0003\000.\0001\000.\0003\000\040\000d\000o\000d\000a\000w\000a\000n\000i\000e\000\137\000d\000o\000\137\000m\000a\000p\000y\000\050\000\051}{subsection.4.3.1}% 32
\BOOKMARK [3][-]{subsubsection.4.3.1.4}{\376\377\0004\000.\0003\000.\0001\000.\0004\000\040\000d\000z\000i\000e\000l\000e\000n\000i\000e\000\137\000w\000a\000r\000u\000n\000k\000u\000\050\000\051}{subsection.4.3.1}% 33
\BOOKMARK [3][-]{subsubsection.4.3.1.5}{\376\377\0004\000.\0003\000.\0001\000.\0005\000\040\000g\000e\000n\000e\000r\000o\000w\000a\000n\000i\000e\000\137\000p\000l\000i\000k\000u\000\137\000w\000y\000j\000s\000c\000i\000a\000\050\000\051}{subsection.4.3.1}% 34
\BOOKMARK [3][-]{subsubsection.4.3.1.6}{\376\377\0004\000.\0003\000.\0001\000.\0006\000\040\000p\000o\000s\000t\000e\000p\000o\000w\000a\000n\000i\000e\000\137\000d\000r\000z\000e\000w\000a\000\050\000\051}{subsection.4.3.1}% 35
\BOOKMARK [3][-]{subsubsection.4.3.1.7}{\376\377\0004\000.\0003\000.\0001\000.\0007\000\040\000p\000r\000z\000y\000p\000i\000s\000y\000w\000a\000n\000i\000e\000\137\000d\000o\000\137\000d\000r\000z\000e\000w\000a\000\050\000\051}{subsection.4.3.1}% 36
\BOOKMARK [3][-]{subsubsection.4.3.1.8}{\376\377\0004\000.\0003\000.\0001\000.\0008\000\040\000p\000r\000z\000y\000p\000i\000s\000y\000w\000a\000n\000i\000e\000\137\000d\000o\000\137\000w\000a\000r\000u\000n\000k\000u\000\050\000\051}{subsection.4.3.1}% 37
\BOOKMARK [3][-]{subsubsection.4.3.1.9}{\376\377\0004\000.\0003\000.\0001\000.\0009\000\040\000w\000a\000r\000u\000n\000e\000k\000\137\000g\000a\000l\000e\000z\000i\000\050\000\051}{subsection.4.3.1}% 38
\BOOKMARK [1][-]{section.4.4}{\376\377\0004\000.\0004\000\040\000s\000t\000r\000u\000k\000t\000u\000r\000y\000.\000h\000\040\000F\000i\000l\000e\000\040\000R\000e\000f\000e\000r\000e\000n\000c\000e}{chapter.4}% 39
\BOOKMARK [1][-]{section.4.5}{\376\377\0004\000.\0005\000\040\000w\000i\000d\000o\000k\000.\000c\000p\000p\000\040\000F\000i\000l\000e\000\040\000R\000e\000f\000e\000r\000e\000n\000c\000e}{chapter.4}% 40
\BOOKMARK [2][-]{subsection.4.5.1}{\376\377\0004\000.\0005\000.\0001\000\040\000F\000u\000n\000c\000t\000i\000o\000n\000\040\000D\000o\000c\000u\000m\000e\000n\000t\000a\000t\000i\000o\000n}{section.4.5}% 41
\BOOKMARK [3][-]{subsubsection.4.5.1.1}{\376\377\0004\000.\0005\000.\0001\000.\0001\000\040\000c\000z\000y\000t\000a\000n\000i\000e\000\137\000p\000l\000i\000k\000u\000\137\000a\000t\000r\000y\000b\000u\000t\000u\000\050\000\051}{subsection.4.5.1}% 42
\BOOKMARK [3][-]{subsubsection.4.5.1.2}{\376\377\0004\000.\0005\000.\0001\000.\0002\000\040\000c\000z\000y\000t\000a\000n\000i\000e\000\137\000p\000l\000i\000k\000u\000\137\000w\000a\000r\000u\000n\000k\000o\000w\000e\000g\000o\000\050\000\051}{subsection.4.5.1}% 43
\BOOKMARK [3][-]{subsubsection.4.5.1.3}{\376\377\0004\000.\0005\000.\0001\000.\0003\000\040\000p\000o\000p\000r\000a\000w\000n\000o\000s\000c\000\137\000o\000d\000c\000z\000y\000t\000u\000\050\000\051}{subsection.4.5.1}% 44
\BOOKMARK [1][-]{section.4.6}{\376\377\0004\000.\0006\000\040\000w\000i\000d\000o\000k\000.\000h\000\040\000F\000i\000l\000e\000\040\000R\000e\000f\000e\000r\000e\000n\000c\000e}{chapter.4}% 45
\BOOKMARK [2][-]{subsection.4.6.1}{\376\377\0004\000.\0006\000.\0001\000\040\000F\000u\000n\000c\000t\000i\000o\000n\000\040\000D\000o\000c\000u\000m\000e\000n\000t\000a\000t\000i\000o\000n}{section.4.6}% 46
\BOOKMARK [3][-]{subsubsection.4.6.1.1}{\376\377\0004\000.\0006\000.\0001\000.\0001\000\040\000c\000z\000y\000t\000a\000n\000i\000e\000\137\000p\000l\000i\000k\000u\000\137\000a\000t\000r\000y\000b\000u\000t\000u\000\050\000\051}{subsection.4.6.1}% 47
\BOOKMARK [3][-]{subsubsection.4.6.1.2}{\376\377\0004\000.\0006\000.\0001\000.\0002\000\040\000c\000z\000y\000t\000a\000n\000i\000e\000\137\000p\000l\000i\000k\000u\000\137\000w\000a\000r\000u\000n\000k\000o\000w\000e\000g\000o\000\050\000\051}{subsection.4.6.1}% 48
\BOOKMARK [3][-]{subsubsection.4.6.1.3}{\376\377\0004\000.\0006\000.\0001\000.\0003\000\040\000p\000o\000p\000r\000a\000w\000n\000o\000s\000c\000\137\000o\000d\000c\000z\000y\000t\000u\000\050\000\051}{subsection.4.6.1}% 49
\BOOKMARK [0][-]{section*.7}{\376\377\000I\000n\000d\000e\000x}{}% 50
